2026-04-24 16:28:28.028 [main] INFO  c.k.y.backend.YamiBackendApplication - Starting YamiBackendApplication using Java 17.0.5 with PID 97676 (D:\workspace\yami-parent\yami-backend\build\classes\java\main started by lenovo in D:\workspace\yami-parent)
2026-04-24 16:28:28.029 [main] INFO  c.k.y.backend.YamiBackendApplication - No active profile set, falling back to 1 default profile: "default"
2026-04-24 16:28:28.111 [main] INFO  c.a.c.n.c.NacosConfigDataLoader - [Nacos Config] Load config[dataId=application.properties, group=yami-backend-dev] success
2026-04-24 16:28:28.880 [main] INFO  o.s.d.r.c.RepositoryConfigurationDelegate - Multiple Spring Data modules found, entering strict repository configuration mode
2026-04-24 16:28:28.882 [main] INFO  o.s.d.r.c.RepositoryConfigurationDelegate - Bootstrapping Spring Data JDBC repositories in DEFAULT mode.
2026-04-24 16:28:28.897 [main] INFO  o.s.d.r.c.RepositoryConfigurationDelegate - Finished Spring Data repository scanning in 7 ms. Found 0 JDBC repository interfaces.
2026-04-24 16:28:28.911 [main] INFO  o.s.d.r.c.RepositoryConfigurationDelegate - Multiple Spring Data modules found, entering strict repository configuration mode
2026-04-24 16:28:28.912 [main] INFO  o.s.d.r.c.RepositoryConfigurationDelegate - Bootstrapping Spring Data Redis repositories in DEFAULT mode.
2026-04-24 16:28:28.927 [main] INFO  o.s.d.r.c.RepositoryConfigurationDelegate - Finished Spring Data repository scanning in 2 ms. Found 0 Redis repository interfaces.
2026-04-24 16:28:29.126 [main] WARN  o.m.s.mapper.ClassPathMapperScanner - No MyBatis mapper was found in '[com.kingdom.yami.backend]' package. Please check your configuration.
2026-04-24 16:28:29.130 [main] INFO  o.s.cloud.context.scope.GenericScope - BeanFactory id=11a74d0b-55e3-3b97-b33e-644a1b401a4f
2026-04-24 16:28:29.751 [main] INFO  o.s.boot.tomcat.TomcatWebServer - Tomcat initialized with port 8085 (http)
2026-04-24 16:28:29.766 [main] INFO  o.a.coyote.http11.Http11NioProtocol - Initializing ProtocolHandler ["http-nio-8085"]
2026-04-24 16:28:29.768 [main] INFO  o.a.catalina.core.StandardService - Starting service [Tomcat]
2026-04-24 16:28:29.768 [main] INFO  o.a.catalina.core.StandardEngine - Starting Servlet engine: [Apache Tomcat/11.0.20]
2026-04-24 16:28:29.869 [main] INFO  o.s.b.w.c.s.WebApplicationContextInitializer - Root WebApplicationContext: initialization completed in 1755 ms
2026-04-24 16:28:31.205 [main] INFO  com.zaxxer.hikari.HikariDataSource - HikariPool-1 - Starting...
2026-04-24 16:28:31.361 [main] INFO  com.zaxxer.hikari.pool.HikariPool - HikariPool-1 - Added connection com.mysql.cj.jdbc.ConnectionImpl@213c812a
2026-04-24 16:28:31.363 [main] INFO  com.zaxxer.hikari.HikariDataSource - HikariPool-1 - Start completed.
2026-04-24 16:28:31.735 [main] WARN  o.s.c.l.c.LoadBalancerCacheAutoConfiguration$LoadBalancerCaffeineWarnLogger - Spring Cloud LoadBalancer is currently working with the default cache. While this cache implementation is useful for development and tests, it's recommended to use Caffeine cache in production.You can switch to using Caffeine cache, by adding it and org.springframework.cache.caffeine.CaffeineCacheManager to the classpath.
2026-04-24 16:28:31.798 [main] INFO  o.a.coyote.http11.Http11NioProtocol - Starting ProtocolHandler ["http-nio-8085"]
2026-04-24 16:28:31.813 [main] INFO  o.s.boot.tomcat.TomcatWebServer - Tomcat started on port 8085 (http) with context path '/'
2026-04-24 16:28:31.818 [main] INFO  com.alibaba.nacos.client.naming - Nacos client key init properties: 
	serverAddr=127.0.0.1:8848
	namespace=dev01
	username=nacos
	password=n***s

2026-04-24 16:28:31.819 [main] INFO  com.alibaba.nacos.client.naming - initializer namespace from ans.namespace attribute : null
2026-04-24 16:28:31.820 [main] INFO  com.alibaba.nacos.client.naming - initializer namespace from ALIBABA_ALIWARE_NAMESPACE attribute :null
2026-04-24 16:28:31.820 [main] INFO  com.alibaba.nacos.client.naming - initializer namespace from namespace attribute :null
2026-04-24 16:28:31.828 [main] INFO  com.alibaba.nacos.client.naming - FailoverDataSource type is class com.alibaba.nacos.client.naming.backups.datasource.DiskFailoverDataSource
2026-04-24 16:28:31.832 [main] INFO  c.a.n.c.a.AbstractServerListManager - Load and match ServerListProvider com.alibaba.nacos.client.address.EndpointServerListProvider, match result: false
2026-04-24 16:28:31.833 [main] INFO  c.a.n.c.a.AbstractServerListManager - Load and match ServerListProvider com.alibaba.nacos.client.address.PropertiesListProvider, match result: true
2026-04-24 16:28:31.833 [main] INFO  c.a.n.c.a.AbstractServerListManager - Will use com.alibaba.nacos.client.address.PropertiesListProvider as ServerListProvider
2026-04-24 16:28:31.835 [main] INFO  c.a.n.p.a.s.c.ClientAuthPluginManager - [ClientAuthPluginManager] Load ClientAuthService com.alibaba.nacos.client.auth.impl.NacosClientAuthServiceImpl success.
2026-04-24 16:28:31.835 [main] INFO  c.a.n.p.a.s.c.ClientAuthPluginManager - [ClientAuthPluginManager] Load ClientAuthService com.alibaba.nacos.client.auth.ram.RamClientAuthServiceImpl success.
2026-04-24 16:28:31.926 [main] INFO  c.alibaba.nacos.common.remote.client - [RpcClientFactory] create a new rpc client of 763bc976-e79d-4e87-ba2a-fc53b8058236
2026-04-24 16:28:31.928 [main] INFO  com.alibaba.nacos.client.naming - Create naming rpc client for uuid->763bc976-e79d-4e87-ba2a-fc53b8058236
2026-04-24 16:28:31.929 [main] INFO  c.alibaba.nacos.common.remote.client - [763bc976-e79d-4e87-ba2a-fc53b8058236] RpcClient init, ServerListFactory = com.alibaba.nacos.client.naming.core.NamingServerListManager
2026-04-24 16:28:31.929 [main] INFO  c.alibaba.nacos.common.remote.client - [763bc976-e79d-4e87-ba2a-fc53b8058236] Registry connection listener to current client:com.alibaba.nacos.client.naming.remote.gprc.redo.NamingGrpcRedoService
2026-04-24 16:28:31.930 [main] INFO  c.alibaba.nacos.common.remote.client - [763bc976-e79d-4e87-ba2a-fc53b8058236] Register server push request handler:com.alibaba.nacos.client.naming.remote.gprc.NamingPushRequestHandler
2026-04-24 16:28:31.931 [main] INFO  c.alibaba.nacos.common.remote.client - [763bc976-e79d-4e87-ba2a-fc53b8058236] Register server push request handler:com.alibaba.nacos.client.naming.remote.gprc.NamingFuzzyWatchNotifyRequestHandler
2026-04-24 16:28:31.931 [main] INFO  c.alibaba.nacos.common.remote.client - [763bc976-e79d-4e87-ba2a-fc53b8058236] Try to connect to server on start up, server: {serverIp = '127.0.0.1', server main port = 8848}
2026-04-24 16:28:31.931 [main] INFO  c.a.n.c.r.client.grpc.GrpcClient - grpc client connection server: 127.0.0.1 ip, serverPort: 9848, grpcTslConfig: {"enableTls":false,"mutualAuthEnable":false,"trustAll":true}
2026-04-24 16:28:31.947 [main] INFO  c.alibaba.nacos.common.remote.client - [763bc976-e79d-4e87-ba2a-fc53b8058236] Success to connect to server [127.0.0.1:8848] on start up, connectionId = 1777019311936_172.18.0.1_41868
2026-04-24 16:28:31.947 [main] INFO  c.alibaba.nacos.common.remote.client - [763bc976-e79d-4e87-ba2a-fc53b8058236] Register server push request handler:com.alibaba.nacos.common.remote.client.RpcClient$ConnectResetRequestHandler
2026-04-24 16:28:31.947 [com.alibaba.nacos.client.remote.worker.0] INFO  c.alibaba.nacos.common.remote.client - [763bc976-e79d-4e87-ba2a-fc53b8058236] Notify connected event to listeners.
2026-04-24 16:28:31.947 [main] INFO  c.alibaba.nacos.common.remote.client - [763bc976-e79d-4e87-ba2a-fc53b8058236] Register server push request handler:com.alibaba.nacos.common.remote.client.RpcClient$$Lambda$563/0x00000008010e6970
2026-04-24 16:28:31.948 [com.alibaba.nacos.client.remote.worker.0] INFO  com.alibaba.nacos.client.naming - Grpc connection connect
2026-04-24 16:28:31.949 [main] INFO  com.alibaba.nacos.client.naming - [REGISTER-SERVICE] dev01 registering service yami-backend-service with instance Instance{instanceId='null', ip='10.126.3.102', port=8085, weight=1.0, healthy=true, enabled=true, ephemeral=true, clusterName='', serviceName='null', metadata={IPv6=null, preserved.register.source=SPRING_CLOUD}}
2026-04-24 16:28:31.980 [main] INFO  c.a.c.n.r.NacosServiceRegistry - nacos registry, yami yami-backend-service 10.126.3.102:8085 register finished
2026-04-24 16:28:32.086 [main] INFO  c.k.y.backend.YamiBackendApplication - Started YamiBackendApplication in 6.468 seconds (process running for 7.557)
2026-04-24 16:28:32.092 [main] INFO  c.a.n.client.config.impl.CacheData - config listener notify warn timeout millis use default 60000 millis 
2026-04-24 16:28:32.092 [main] INFO  c.a.n.client.config.impl.CacheData - nacos.cache.data.init.snapshot = true 
2026-04-24 16:28:32.094 [main] INFO  c.a.n.c.config.impl.ClientWorker - [Config-fixed-dev01-127.0.0.1_8848] [subscribe] application.properties+yami-backend-dev+dev01
2026-04-24 16:28:32.105 [main] INFO  c.a.n.client.config.impl.CacheData - [Config-fixed-dev01-127.0.0.1_8848] [add-listener] ok, tenant=dev01, dataId=application.properties, group=yami-backend-dev, cnt=1
2026-04-24 16:28:32.105 [main] INFO  c.a.c.n.r.NacosContextRefresher - [Nacos Config] Listening config: dataId=application.properties, group=yami-backend-dev
2026-04-24 16:28:55.081 [http-nio-8085-exec-1] INFO  o.a.c.c.C.[Tomcat].[localhost].[/] - Initializing Spring DispatcherServlet 'dispatcherServlet'
2026-04-24 16:28:55.081 [http-nio-8085-exec-1] INFO  o.s.web.servlet.DispatcherServlet - Initializing Servlet 'dispatcherServlet'
2026-04-24 16:28:55.083 [http-nio-8085-exec-1] INFO  o.s.web.servlet.DispatcherServlet - Completed initialization in 1 ms
2026-04-24 16:56:27.907 [Thread-1] INFO  c.a.n.c.executor.ThreadPoolManager - [ThreadPoolManager] Start destroying ThreadPool
2026-04-24 16:56:27.907 [Thread-9] INFO  c.a.nacos.common.notify.NotifyCenter - [NotifyCenter] Start destroying Publisher
2026-04-24 16:56:27.907 [Thread-7] INFO  c.a.n.c.http.HttpClientBeanHolder - [HttpClientBeanHolder] Start destroying common HttpClient
2026-04-24 16:56:27.907 [Thread-1] INFO  c.a.n.c.executor.ThreadPoolManager - [ThreadPoolManager] Completed destruction of ThreadPool
2026-04-24 16:56:27.908 [Thread-9] INFO  c.a.nacos.common.notify.NotifyCenter - [NotifyCenter] Completed destruction of Publisher
2026-04-24 16:56:27.908 [Thread-7] INFO  c.a.n.c.http.HttpClientBeanHolder - [HttpClientBeanHolder] Completed destruction of HttpClient
2026-04-24 16:56:27.909 [SpringApplicationShutdownHook] INFO  c.a.c.n.r.NacosServiceRegistry - De-registering from Nacos Server now...
2026-04-24 16:56:27.909 [SpringApplicationShutdownHook] INFO  com.alibaba.nacos.client.naming - [DEREGISTER-SERVICE] dev01 deregistering service yami-backend-service with instance: Instance{instanceId='null', ip='10.126.3.102', port=8085, weight=1.0, healthy=true, enabled=true, ephemeral=true, clusterName='', serviceName='null', metadata={}}
2026-04-24 16:56:27.916 [SpringApplicationShutdownHook] INFO  c.a.c.n.r.NacosServiceRegistry - De-registration finished.
2026-04-24 16:56:27.916 [SpringApplicationShutdownHook] INFO  com.alibaba.nacos.client.naming - com.alibaba.nacos.client.naming.cache.ServiceInfoHolder do shutdown begin
2026-04-24 16:56:27.917 [SpringApplicationShutdownHook] INFO  com.alibaba.nacos.client.naming - com.alibaba.nacos.client.naming.backups.FailoverReactor do shutdown begin
2026-04-24 16:56:27.917 [SpringApplicationShutdownHook] INFO  com.alibaba.nacos.client.naming - com.alibaba.nacos.client.naming.backups.FailoverReactor do shutdown stop
2026-04-24 16:56:27.917 [SpringApplicationShutdownHook] INFO  com.alibaba.nacos.client.naming - com.alibaba.nacos.client.naming.cache.ServiceInfoHolder do shutdown stop
2026-04-24 16:56:27.917 [SpringApplicationShutdownHook] INFO  com.alibaba.nacos.client.naming - com.alibaba.nacos.client.naming.remote.NamingClientProxyDelegate do shutdown begin
2026-04-24 16:56:27.917 [SpringApplicationShutdownHook] INFO  com.alibaba.nacos.client.naming - com.alibaba.nacos.client.naming.core.ServiceInfoUpdateService do shutdown begin
2026-04-24 16:56:27.917 [SpringApplicationShutdownHook] INFO  com.alibaba.nacos.client.naming - com.alibaba.nacos.client.naming.core.ServiceInfoUpdateService do shutdown stop
2026-04-24 16:56:27.917 [SpringApplicationShutdownHook] INFO  c.a.n.c.a.AbstractServerListManager - com.alibaba.nacos.client.naming.core.NamingServerListManager do shutdown begin
2026-04-24 16:56:27.917 [SpringApplicationShutdownHook] INFO  c.a.n.c.a.AbstractServerListManager - com.alibaba.nacos.client.naming.core.NamingServerListManager do shutdown stop
2026-04-24 16:56:27.917 [SpringApplicationShutdownHook] INFO  com.alibaba.nacos.client.naming - com.alibaba.nacos.client.naming.remote.http.NamingHttpClientProxy do shutdown begin
2026-04-24 16:56:27.917 [SpringApplicationShutdownHook] INFO  com.alibaba.nacos.client.naming - [NamingHttpClientManager] Start destroying NacosRestTemplate
2026-04-24 16:56:27.917 [SpringApplicationShutdownHook] INFO  com.alibaba.nacos.client.naming - [NamingHttpClientManager] Completed destruction of NacosRestTemplate
2026-04-24 16:56:27.917 [SpringApplicationShutdownHook] INFO  com.alibaba.nacos.client.naming - com.alibaba.nacos.client.naming.remote.http.NamingHttpClientProxy do shutdown stop
2026-04-24 16:56:27.917 [SpringApplicationShutdownHook] INFO  com.alibaba.nacos.client.naming - Shutdown naming grpc client proxy for  uuid->763bc976-e79d-4e87-ba2a-fc53b8058236
2026-04-24 16:56:27.917 [SpringApplicationShutdownHook] INFO  com.alibaba.nacos.client.naming - Shutdown grpc redo service executor java.util.concurrent.ScheduledThreadPoolExecutor@10419858[Running, pool size = 1, active threads = 0, queued tasks = 1, completed tasks = 554]
2026-04-24 16:56:27.917 [SpringApplicationShutdownHook] INFO  c.alibaba.nacos.common.remote.client - Shutdown rpc client, set status to shutdown
2026-04-24 16:56:27.917 [SpringApplicationShutdownHook] INFO  c.alibaba.nacos.common.remote.client - Shutdown client event executor java.util.concurrent.ScheduledThreadPoolExecutor@2f5cd91[Running, pool size = 2, active threads = 2, queued tasks = 0, completed tasks = 0]
2026-04-24 16:56:27.917 [SpringApplicationShutdownHook] INFO  c.alibaba.nacos.common.remote.client - Close current connection 1777019311936_172.18.0.1_41868
2026-04-24 16:56:27.919 [nacos-grpc-client-executor-127.0.0.1-26] INFO  c.a.n.c.r.client.grpc.GrpcClient - [1777019311936_172.18.0.1_41868]Ignore complete event,isRunning:false,isAbandon=false
2026-04-24 16:56:27.923 [SpringApplicationShutdownHook] INFO  c.a.n.c.r.client.grpc.GrpcClient - Shutdown grpc executor java.util.concurrent.ThreadPoolExecutor@e3161e5[Running, pool size = 32, active threads = 0, queued tasks = 0, completed tasks = 953]
2026-04-24 16:56:27.924 [SpringApplicationShutdownHook] INFO  com.alibaba.nacos.client.naming - shutdown and remove naming rpc client  for uuid ->763bc976-e79d-4e87-ba2a-fc53b8058236
2026-04-24 16:56:27.924 [SpringApplicationShutdownHook] INFO  c.a.n.c.a.r.i.CredentialWatcher - [null] CredentialWatcher is stopped
2026-04-24 16:56:27.924 [SpringApplicationShutdownHook] INFO  c.a.n.c.a.r.i.CredentialService - [null] CredentialService is freed
2026-04-24 16:56:27.924 [SpringApplicationShutdownHook] INFO  com.alibaba.nacos.client.naming - com.alibaba.nacos.client.naming.remote.NamingClientProxyDelegate do shutdown stop
2026-04-24 16:56:36.901 [main] INFO  c.k.y.backend.YamiBackendApplication - Starting YamiBackendApplication using Java 17.0.5 with PID 105924 (D:\workspace\yami-parent\yami-backend\build\classes\java\main started by lenovo in D:\workspace\yami-parent)
2026-04-24 16:56:36.903 [main] INFO  c.k.y.backend.YamiBackendApplication - No active profile set, falling back to 1 default profile: "default"
2026-04-24 16:56:37.027 [main] INFO  c.a.c.n.c.NacosConfigDataLoader - [Nacos Config] Load config[dataId=application.properties, group=yami-backend-dev] success
2026-04-24 16:56:38.136 [main] INFO  o.s.d.r.c.RepositoryConfigurationDelegate - Multiple Spring Data modules found, entering strict repository configuration mode
2026-04-24 16:56:38.138 [main] INFO  o.s.d.r.c.RepositoryConfigurationDelegate - Bootstrapping Spring Data JDBC repositories in DEFAULT mode.
2026-04-24 16:56:38.153 [main] INFO  o.s.d.r.c.RepositoryConfigurationDelegate - Finished Spring Data repository scanning in 7 ms. Found 0 JDBC repository interfaces.
2026-04-24 16:56:38.169 [main] INFO  o.s.d.r.c.RepositoryConfigurationDelegate - Multiple Spring Data modules found, entering strict repository configuration mode
2026-04-24 16:56:38.170 [main] INFO  o.s.d.r.c.RepositoryConfigurationDelegate - Bootstrapping Spring Data Redis repositories in DEFAULT mode.
2026-04-24 16:56:38.182 [main] INFO  o.s.d.r.c.RepositoryConfigurationDelegate - Finished Spring Data repository scanning in 2 ms. Found 0 Redis repository interfaces.
2026-04-24 16:56:38.411 [main] WARN  o.m.s.mapper.ClassPathMapperScanner - No MyBatis mapper was found in '[com.kingdom.yami.backend]' package. Please check your configuration.
2026-04-24 16:56:38.416 [main] INFO  o.s.cloud.context.scope.GenericScope - BeanFactory id=11a74d0b-55e3-3b97-b33e-644a1b401a4f
2026-04-24 16:56:39.153 [main] INFO  o.s.boot.tomcat.TomcatWebServer - Tomcat initialized with port 8085 (http)
2026-04-24 16:56:39.174 [main] INFO  o.a.coyote.http11.Http11NioProtocol - Initializing ProtocolHandler ["http-nio-8085"]
2026-04-24 16:56:39.176 [main] INFO  o.a.catalina.core.StandardService - Starting service [Tomcat]
2026-04-24 16:56:39.176 [main] INFO  o.a.catalina.core.StandardEngine - Starting Servlet engine: [Apache Tomcat/11.0.20]
2026-04-24 16:56:39.322 [main] INFO  o.s.b.w.c.s.WebApplicationContextInitializer - Root WebApplicationContext: initialization completed in 2290 ms
2026-04-24 16:56:40.967 [main] INFO  com.zaxxer.hikari.HikariDataSource - HikariPool-1 - Starting...
2026-04-24 16:56:41.168 [main] INFO  com.zaxxer.hikari.pool.HikariPool - HikariPool-1 - Added connection com.mysql.cj.jdbc.ConnectionImpl@36c5a4b7
2026-04-24 16:56:41.170 [main] INFO  com.zaxxer.hikari.HikariDataSource - HikariPool-1 - Start completed.
2026-04-24 16:56:41.611 [main] WARN  o.s.c.l.c.LoadBalancerCacheAutoConfiguration$LoadBalancerCaffeineWarnLogger - Spring Cloud LoadBalancer is currently working with the default cache. While this cache implementation is useful for development and tests, it's recommended to use Caffeine cache in production.You can switch to using Caffeine cache, by adding it and org.springframework.cache.caffeine.CaffeineCacheManager to the classpath.
2026-04-24 16:56:41.674 [main] INFO  o.a.coyote.http11.Http11NioProtocol - Starting ProtocolHandler ["http-nio-8085"]
2026-04-24 16:56:41.687 [main] INFO  o.s.boot.tomcat.TomcatWebServer - Tomcat started on port 8085 (http) with context path '/'
2026-04-24 16:56:41.695 [main] INFO  com.alibaba.nacos.client.naming - Nacos client key init properties: 
	serverAddr=127.0.0.1:8848
	namespace=dev01
	username=nacos
	password=n***s

2026-04-24 16:56:41.696 [main] INFO  com.alibaba.nacos.client.naming - initializer namespace from ans.namespace attribute : null
2026-04-24 16:56:41.696 [main] INFO  com.alibaba.nacos.client.naming - initializer namespace from ALIBABA_ALIWARE_NAMESPACE attribute :null
2026-04-24 16:56:41.696 [main] INFO  com.alibaba.nacos.client.naming - initializer namespace from namespace attribute :null
2026-04-24 16:56:41.703 [main] INFO  com.alibaba.nacos.client.naming - FailoverDataSource type is class com.alibaba.nacos.client.naming.backups.datasource.DiskFailoverDataSource
2026-04-24 16:56:41.709 [main] INFO  c.a.n.c.a.AbstractServerListManager - Load and match ServerListProvider com.alibaba.nacos.client.address.EndpointServerListProvider, match result: false
2026-04-24 16:56:41.710 [main] INFO  c.a.n.c.a.AbstractServerListManager - Load and match ServerListProvider com.alibaba.nacos.client.address.PropertiesListProvider, match result: true
2026-04-24 16:56:41.710 [main] INFO  c.a.n.c.a.AbstractServerListManager - Will use com.alibaba.nacos.client.address.PropertiesListProvider as ServerListProvider
2026-04-24 16:56:41.711 [main] INFO  c.a.n.p.a.s.c.ClientAuthPluginManager - [ClientAuthPluginManager] Load ClientAuthService com.alibaba.nacos.client.auth.impl.NacosClientAuthServiceImpl success.
2026-04-24 16:56:41.711 [main] INFO  c.a.n.p.a.s.c.ClientAuthPluginManager - [ClientAuthPluginManager] Load ClientAuthService com.alibaba.nacos.client.auth.ram.RamClientAuthServiceImpl success.
2026-04-24 16:56:41.797 [main] INFO  c.alibaba.nacos.common.remote.client - [RpcClientFactory] create a new rpc client of 4f3959f4-8416-4122-b6de-135410295d71
2026-04-24 16:56:41.800 [main] INFO  com.alibaba.nacos.client.naming - Create naming rpc client for uuid->4f3959f4-8416-4122-b6de-135410295d71
2026-04-24 16:56:41.800 [main] INFO  c.alibaba.nacos.common.remote.client - [4f3959f4-8416-4122-b6de-135410295d71] RpcClient init, ServerListFactory = com.alibaba.nacos.client.naming.core.NamingServerListManager
2026-04-24 16:56:41.800 [main] INFO  c.alibaba.nacos.common.remote.client - [4f3959f4-8416-4122-b6de-135410295d71] Registry connection listener to current client:com.alibaba.nacos.client.naming.remote.gprc.redo.NamingGrpcRedoService
2026-04-24 16:56:41.801 [main] INFO  c.alibaba.nacos.common.remote.client - [4f3959f4-8416-4122-b6de-135410295d71] Register server push request handler:com.alibaba.nacos.client.naming.remote.gprc.NamingPushRequestHandler
2026-04-24 16:56:41.801 [main] INFO  c.alibaba.nacos.common.remote.client - [4f3959f4-8416-4122-b6de-135410295d71] Register server push request handler:com.alibaba.nacos.client.naming.remote.gprc.NamingFuzzyWatchNotifyRequestHandler
2026-04-24 16:56:41.802 [main] INFO  c.alibaba.nacos.common.remote.client - [4f3959f4-8416-4122-b6de-135410295d71] Try to connect to server on start up, server: {serverIp = '127.0.0.1', server main port = 8848}
2026-04-24 16:56:41.802 [main] INFO  c.a.n.c.r.client.grpc.GrpcClient - grpc client connection server: 127.0.0.1 ip, serverPort: 9848, grpcTslConfig: {"enableTls":false,"mutualAuthEnable":false,"trustAll":true}
2026-04-24 16:56:41.846 [main] INFO  c.alibaba.nacos.common.remote.client - [4f3959f4-8416-4122-b6de-135410295d71] Success to connect to server [127.0.0.1:8848] on start up, connectionId = 1777021001833_172.18.0.1_37800
2026-04-24 16:56:41.846 [main] INFO  c.alibaba.nacos.common.remote.client - [4f3959f4-8416-4122-b6de-135410295d71] Register server push request handler:com.alibaba.nacos.common.remote.client.RpcClient$ConnectResetRequestHandler
2026-04-24 16:56:41.846 [com.alibaba.nacos.client.remote.worker.0] INFO  c.alibaba.nacos.common.remote.client - [4f3959f4-8416-4122-b6de-135410295d71] Notify connected event to listeners.
2026-04-24 16:56:41.846 [main] INFO  c.alibaba.nacos.common.remote.client - [4f3959f4-8416-4122-b6de-135410295d71] Register server push request handler:com.alibaba.nacos.common.remote.client.RpcClient$$Lambda$563/0x00000008010e6fe0
2026-04-24 16:56:41.847 [com.alibaba.nacos.client.remote.worker.0] INFO  com.alibaba.nacos.client.naming - Grpc connection connect
2026-04-24 16:56:41.849 [main] INFO  com.alibaba.nacos.client.naming - [REGISTER-SERVICE] dev01 registering service yami-backend-service with instance Instance{instanceId='null', ip='10.126.3.102', port=8085, weight=1.0, healthy=true, enabled=true, ephemeral=true, clusterName='', serviceName='null', metadata={IPv6=null, preserved.register.source=SPRING_CLOUD}}
2026-04-24 16:56:41.865 [main] INFO  c.a.c.n.r.NacosServiceRegistry - nacos registry, yami yami-backend-service 10.126.3.102:8085 register finished
2026-04-24 16:56:41.998 [main] INFO  c.k.y.backend.YamiBackendApplication - Started YamiBackendApplication in 7.713 seconds (process running for 8.729)
2026-04-24 16:56:42.005 [main] INFO  c.a.n.client.config.impl.CacheData - config listener notify warn timeout millis use default 60000 millis 
2026-04-24 16:56:42.005 [main] INFO  c.a.n.client.config.impl.CacheData - nacos.cache.data.init.snapshot = true 
2026-04-24 16:56:42.009 [main] INFO  c.a.n.c.config.impl.ClientWorker - [Config-fixed-dev01-127.0.0.1_8848] [subscribe] application.properties+yami-backend-dev+dev01
2026-04-24 16:56:42.026 [main] INFO  c.a.n.client.config.impl.CacheData - [Config-fixed-dev01-127.0.0.1_8848] [add-listener] ok, tenant=dev01, dataId=application.properties, group=yami-backend-dev, cnt=1
2026-04-24 16:56:42.026 [main] INFO  c.a.c.n.r.NacosContextRefresher - [Nacos Config] Listening config: dataId=application.properties, group=yami-backend-dev
2026-04-24 16:57:03.783 [http-nio-8085-exec-1] INFO  o.a.c.c.C.[Tomcat].[localhost].[/] - Initializing Spring DispatcherServlet 'dispatcherServlet'
2026-04-24 16:57:03.784 [http-nio-8085-exec-1] INFO  o.s.web.servlet.DispatcherServlet - Initializing Servlet 'dispatcherServlet'
2026-04-24 16:57:03.785 [http-nio-8085-exec-1] INFO  o.s.web.servlet.DispatcherServlet - Completed initialization in 1 ms
2026-04-24 16:58:46.621 [Thread-1] INFO  c.a.n.c.executor.ThreadPoolManager - [ThreadPoolManager] Start destroying ThreadPool
2026-04-24 16:58:46.621 [Thread-9] INFO  c.a.nacos.common.notify.NotifyCenter - [NotifyCenter] Start destroying Publisher
2026-04-24 16:58:46.621 [Thread-7] INFO  c.a.n.c.http.HttpClientBeanHolder - [HttpClientBeanHolder] Start destroying common HttpClient
2026-04-24 16:58:46.621 [Thread-9] INFO  c.a.nacos.common.notify.NotifyCenter - [NotifyCenter] Completed destruction of Publisher
2026-04-24 16:58:46.622 [Thread-1] INFO  c.a.n.c.executor.ThreadPoolManager - [ThreadPoolManager] Completed destruction of ThreadPool
2026-04-24 16:58:46.622 [Thread-7] INFO  c.a.n.c.http.HttpClientBeanHolder - [HttpClientBeanHolder] Completed destruction of HttpClient
2026-04-24 16:58:46.623 [SpringApplicationShutdownHook] INFO  c.a.c.n.r.NacosServiceRegistry - De-registering from Nacos Server now...
2026-04-24 16:58:46.623 [SpringApplicationShutdownHook] INFO  com.alibaba.nacos.client.naming - [DEREGISTER-SERVICE] dev01 deregistering service yami-backend-service with instance: Instance{instanceId='null', ip='10.126.3.102', port=8085, weight=1.0, healthy=true, enabled=true, ephemeral=true, clusterName='', serviceName='null', metadata={}}
2026-04-24 16:58:46.638 [SpringApplicationShutdownHook] INFO  c.a.c.n.r.NacosServiceRegistry - De-registration finished.
2026-04-24 16:58:46.639 [SpringApplicationShutdownHook] INFO  com.alibaba.nacos.client.naming - com.alibaba.nacos.client.naming.cache.ServiceInfoHolder do shutdown begin
2026-04-24 16:58:46.639 [SpringApplicationShutdownHook] INFO  com.alibaba.nacos.client.naming - com.alibaba.nacos.client.naming.backups.FailoverReactor do shutdown begin
2026-04-24 16:58:46.639 [SpringApplicationShutdownHook] INFO  com.alibaba.nacos.client.naming - com.alibaba.nacos.client.naming.backups.FailoverReactor do shutdown stop
2026-04-24 16:58:46.639 [SpringApplicationShutdownHook] INFO  com.alibaba.nacos.client.naming - com.alibaba.nacos.client.naming.cache.ServiceInfoHolder do shutdown stop
2026-04-24 16:58:46.639 [SpringApplicationShutdownHook] INFO  com.alibaba.nacos.client.naming - com.alibaba.nacos.client.naming.remote.NamingClientProxyDelegate do shutdown begin
2026-04-24 16:58:46.639 [SpringApplicationShutdownHook] INFO  com.alibaba.nacos.client.naming - com.alibaba.nacos.client.naming.core.ServiceInfoUpdateService do shutdown begin
2026-04-24 16:58:46.639 [SpringApplicationShutdownHook] INFO  com.alibaba.nacos.client.naming - com.alibaba.nacos.client.naming.core.ServiceInfoUpdateService do shutdown stop
2026-04-24 16:58:46.640 [SpringApplicationShutdownHook] INFO  c.a.n.c.a.AbstractServerListManager - com.alibaba.nacos.client.naming.core.NamingServerListManager do shutdown begin
2026-04-24 16:58:46.640 [SpringApplicationShutdownHook] INFO  c.a.n.c.a.AbstractServerListManager - com.alibaba.nacos.client.naming.core.NamingServerListManager do shutdown stop
2026-04-24 16:58:46.640 [SpringApplicationShutdownHook] INFO  com.alibaba.nacos.client.naming - com.alibaba.nacos.client.naming.remote.http.NamingHttpClientProxy do shutdown begin
2026-04-24 16:58:46.640 [SpringApplicationShutdownHook] INFO  com.alibaba.nacos.client.naming - [NamingHttpClientManager] Start destroying NacosRestTemplate
2026-04-24 16:58:46.640 [SpringApplicationShutdownHook] INFO  com.alibaba.nacos.client.naming - [NamingHttpClientManager] Completed destruction of NacosRestTemplate
2026-04-24 16:58:46.640 [SpringApplicationShutdownHook] INFO  com.alibaba.nacos.client.naming - com.alibaba.nacos.client.naming.remote.http.NamingHttpClientProxy do shutdown stop
2026-04-24 16:58:46.640 [SpringApplicationShutdownHook] INFO  com.alibaba.nacos.client.naming - Shutdown naming grpc client proxy for  uuid->4f3959f4-8416-4122-b6de-135410295d71
2026-04-24 16:58:46.640 [SpringApplicationShutdownHook] INFO  com.alibaba.nacos.client.naming - Shutdown grpc redo service executor java.util.concurrent.ScheduledThreadPoolExecutor@76237f7b[Running, pool size = 1, active threads = 0, queued tasks = 1, completed tasks = 41]
2026-04-24 16:58:46.640 [SpringApplicationShutdownHook] INFO  c.alibaba.nacos.common.remote.client - Shutdown rpc client, set status to shutdown
2026-04-24 16:58:46.640 [SpringApplicationShutdownHook] INFO  c.alibaba.nacos.common.remote.client - Shutdown client event executor java.util.concurrent.ScheduledThreadPoolExecutor@42175821[Running, pool size = 2, active threads = 2, queued tasks = 0, completed tasks = 0]
2026-04-24 16:58:46.640 [SpringApplicationShutdownHook] INFO  c.alibaba.nacos.common.remote.client - Close current connection 1777021001833_172.18.0.1_37800
2026-04-24 16:58:46.643 [nacos-grpc-client-executor-127.0.0.1-16] INFO  c.a.n.c.r.client.grpc.GrpcClient - [1777021001833_172.18.0.1_37800]Ignore complete event,isRunning:false,isAbandon=false
2026-04-24 16:58:46.647 [SpringApplicationShutdownHook] INFO  c.a.n.c.r.client.grpc.GrpcClient - Shutdown grpc executor java.util.concurrent.ThreadPoolExecutor@465dae1c[Running, pool size = 32, active threads = 0, queued tasks = 0, completed tasks = 81]
2026-04-24 16:58:46.648 [SpringApplicationShutdownHook] INFO  com.alibaba.nacos.client.naming - shutdown and remove naming rpc client  for uuid ->4f3959f4-8416-4122-b6de-135410295d71
2026-04-24 16:58:46.648 [SpringApplicationShutdownHook] INFO  c.a.n.c.a.r.i.CredentialWatcher - [null] CredentialWatcher is stopped
2026-04-24 16:58:46.648 [SpringApplicationShutdownHook] INFO  c.a.n.c.a.r.i.CredentialService - [null] CredentialService is freed
2026-04-24 16:58:46.649 [SpringApplicationShutdownHook] INFO  com.alibaba.nacos.client.naming - com.alibaba.nacos.client.naming.remote.NamingClientProxyDelegate do shutdown stop
