2026-04-24 15:51:07.957 [main] INFO  c.k.y.gateway.YamiGatewayApplication - Starting YamiGatewayApplication using Java 17.0.5 with PID 62932 (D:\workspace\yami-parent\yami-gateway\build\classes\java\main started by lenovo in D:\workspace\yami-parent\yami-gateway)
2026-04-24 15:51:07.964 [main] INFO  c.k.y.gateway.YamiGatewayApplication - No active profile set, falling back to 1 default profile: "default"
2026-04-24 15:51:08.019 [main] INFO  c.a.c.n.c.NacosConfigDataLoader - [Nacos Config] Load config[dataId=application.properties, group=yami-gateway-dev] success
2026-04-24 15:51:08.191 [background-preinit] INFO  o.h.validator.internal.util.Version - HV000001: Hibernate Validator 9.0.1.Final
2026-04-24 15:51:08.757 [main] INFO  o.s.d.r.c.RepositoryConfigurationDelegate - Multiple Spring Data modules found, entering strict repository configuration mode
2026-04-24 15:51:08.759 [main] INFO  o.s.d.r.c.RepositoryConfigurationDelegate - Bootstrapping Spring Data JDBC repositories in DEFAULT mode.
2026-04-24 15:51:08.773 [main] INFO  o.s.d.r.c.RepositoryConfigurationDelegate - Finished Spring Data repository scanning in 7 ms. Found 0 JDBC repository interfaces.
2026-04-24 15:51:08.790 [main] INFO  o.s.d.r.c.RepositoryConfigurationDelegate - Multiple Spring Data modules found, entering strict repository configuration mode
2026-04-24 15:51:08.791 [main] INFO  o.s.d.r.c.RepositoryConfigurationDelegate - Bootstrapping Spring Data Redis repositories in DEFAULT mode.
2026-04-24 15:51:08.806 [main] INFO  o.s.d.r.c.RepositoryConfigurationDelegate - Finished Spring Data repository scanning in 2 ms. Found 0 Redis repository interfaces.
2026-04-24 15:51:09.013 [main] WARN  o.m.s.mapper.ClassPathMapperScanner - No MyBatis mapper was found in '[com.kingdom.yami.gateway]' package. Please check your configuration.
2026-04-24 15:51:09.080 [main] INFO  o.s.cloud.context.scope.GenericScope - BeanFactory id=ab8d2bc9-d71d-373c-be3c-6b8787928d4b
2026-04-24 15:51:09.538 [main] INFO  o.s.boot.tomcat.TomcatWebServer - Tomcat initialized with port 8083 (http)
2026-04-24 15:51:09.551 [main] INFO  o.a.coyote.http11.Http11NioProtocol - Initializing ProtocolHandler ["http-nio-8083"]
2026-04-24 15:51:09.552 [main] INFO  o.a.catalina.core.StandardService - Starting service [Tomcat]
2026-04-24 15:51:09.553 [main] INFO  o.a.catalina.core.StandardEngine - Starting Servlet engine: [Apache Tomcat/11.0.20]
2026-04-24 15:51:09.646 [main] INFO  o.s.b.w.c.s.WebApplicationContextInitializer - Root WebApplicationContext: initialization completed in 1607 ms
2026-04-24 15:51:10.949 [main] INFO  com.zaxxer.hikari.HikariDataSource - HikariPool-1 - Starting...
2026-04-24 15:51:11.087 [main] INFO  com.zaxxer.hikari.pool.HikariPool - HikariPool-1 - Added connection com.mysql.cj.jdbc.ConnectionImpl@7d76d72a
2026-04-24 15:51:11.088 [main] INFO  com.zaxxer.hikari.HikariDataSource - HikariPool-1 - Start completed.
2026-04-24 15:51:11.409 [main] WARN  o.s.c.l.c.LoadBalancerCacheAutoConfiguration$LoadBalancerCaffeineWarnLogger - Spring Cloud LoadBalancer is currently working with the default cache. While this cache implementation is useful for development and tests, it's recommended to use Caffeine cache in production.You can switch to using Caffeine cache, by adding it and org.springframework.cache.caffeine.CaffeineCacheManager to the classpath.
2026-04-24 15:51:11.438 [main] INFO  o.a.coyote.http11.Http11NioProtocol - Starting ProtocolHandler ["http-nio-8083"]
2026-04-24 15:51:11.446 [main] WARN  o.s.b.w.s.s.c.AnnotationConfigServletWebServerApplicationContext - Exception encountered during context initialization - cancelling refresh attempt: org.springframework.context.ApplicationContextException: Failed to start bean 'webServerStartStop'
2026-04-24 15:51:11.448 [main] INFO  com.zaxxer.hikari.HikariDataSource - HikariPool-1 - Shutdown initiated...
2026-04-24 15:51:11.457 [main] INFO  com.zaxxer.hikari.HikariDataSource - HikariPool-1 - Shutdown completed.
2026-04-24 15:51:11.474 [main] INFO  o.s.b.a.l.ConditionEvaluationReportLogger - 

Error starting ApplicationContext. To display the condition evaluation report re-run your application with 'debug' enabled.
2026-04-24 15:51:11.490 [main] ERROR o.s.b.d.LoggingFailureAnalysisReporter - 

***************************
APPLICATION FAILED TO START
***************************

Description:

Web server failed to start. Port 8083 was already in use.

Action:

Identify and stop the process that's listening on port 8083 or configure this application to listen on another port.

2026-04-24 15:51:12.466 [Thread-1] INFO  c.a.n.c.executor.ThreadPoolManager - [ThreadPoolManager] Start destroying ThreadPool
2026-04-24 15:51:12.466 [Thread-7] INFO  c.a.n.c.http.HttpClientBeanHolder - [HttpClientBeanHolder] Start destroying common HttpClient
2026-04-24 15:51:12.466 [Thread-9] INFO  c.a.nacos.common.notify.NotifyCenter - [NotifyCenter] Start destroying Publisher
2026-04-24 15:51:12.467 [Thread-9] INFO  c.a.nacos.common.notify.NotifyCenter - [NotifyCenter] Completed destruction of Publisher
2026-04-24 15:51:12.467 [Thread-1] INFO  c.a.n.c.executor.ThreadPoolManager - [ThreadPoolManager] Completed destruction of ThreadPool
2026-04-24 15:51:12.467 [Thread-7] INFO  c.a.n.c.http.HttpClientBeanHolder - [HttpClientBeanHolder] Completed destruction of HttpClient
2026-04-24 16:58:26.118 [main] INFO  c.k.y.gateway.YamiGatewayApplication - Starting YamiGatewayApplication using Java 17.0.5 with PID 59468 (D:\workspace\yami-parent\yami-gateway\build\classes\java\main started by lenovo in D:\workspace\yami-parent\yami-gateway)
2026-04-24 16:58:26.118 [main] INFO  c.k.y.gateway.YamiGatewayApplication - No active profile set, falling back to 1 default profile: "default"
2026-04-24 16:58:26.171 [main] INFO  c.a.c.n.c.NacosConfigDataLoader - [Nacos Config] Load config[dataId=application.properties, group=yami-gateway-dev] success
2026-04-24 16:58:26.291 [background-preinit] INFO  o.h.validator.internal.util.Version - HV000001: Hibernate Validator 9.0.1.Final
2026-04-24 16:58:26.868 [main] INFO  o.s.d.r.c.RepositoryConfigurationDelegate - Multiple Spring Data modules found, entering strict repository configuration mode
2026-04-24 16:58:26.869 [main] INFO  o.s.d.r.c.RepositoryConfigurationDelegate - Bootstrapping Spring Data JDBC repositories in DEFAULT mode.
2026-04-24 16:58:26.884 [main] INFO  o.s.d.r.c.RepositoryConfigurationDelegate - Finished Spring Data repository scanning in 8 ms. Found 0 JDBC repository interfaces.
2026-04-24 16:58:26.901 [main] INFO  o.s.d.r.c.RepositoryConfigurationDelegate - Multiple Spring Data modules found, entering strict repository configuration mode
2026-04-24 16:58:26.902 [main] INFO  o.s.d.r.c.RepositoryConfigurationDelegate - Bootstrapping Spring Data Redis repositories in DEFAULT mode.
2026-04-24 16:58:26.917 [main] INFO  o.s.d.r.c.RepositoryConfigurationDelegate - Finished Spring Data repository scanning in 3 ms. Found 0 Redis repository interfaces.
2026-04-24 16:58:27.140 [main] WARN  o.m.s.mapper.ClassPathMapperScanner - No MyBatis mapper was found in '[com.kingdom.yami.gateway]' package. Please check your configuration.
2026-04-24 16:58:27.202 [main] INFO  o.s.cloud.context.scope.GenericScope - BeanFactory id=a16b94ff-a4d7-364d-8e6a-08b49783e2e7
2026-04-24 16:58:27.629 [main] INFO  o.s.boot.tomcat.TomcatWebServer - Tomcat initialized with port 8083 (http)
2026-04-24 16:58:27.643 [main] INFO  o.a.coyote.http11.Http11NioProtocol - Initializing ProtocolHandler ["http-nio-8083"]
2026-04-24 16:58:27.645 [main] INFO  o.a.catalina.core.StandardService - Starting service [Tomcat]
2026-04-24 16:58:27.645 [main] INFO  o.a.catalina.core.StandardEngine - Starting Servlet engine: [Apache Tomcat/11.0.20]
2026-04-24 16:58:27.739 [main] INFO  o.s.b.w.c.s.WebApplicationContextInitializer - Root WebApplicationContext: initialization completed in 1563 ms
2026-04-24 16:58:29.449 [main] INFO  com.zaxxer.hikari.HikariDataSource - HikariPool-1 - Starting...
2026-04-24 16:58:29.588 [main] INFO  com.zaxxer.hikari.pool.HikariPool - HikariPool-1 - Added connection com.mysql.cj.jdbc.ConnectionImpl@70c99e13
2026-04-24 16:58:29.589 [main] INFO  com.zaxxer.hikari.HikariDataSource - HikariPool-1 - Start completed.
2026-04-24 16:58:29.891 [main] WARN  o.s.c.l.c.LoadBalancerCacheAutoConfiguration$LoadBalancerCaffeineWarnLogger - Spring Cloud LoadBalancer is currently working with the default cache. While this cache implementation is useful for development and tests, it's recommended to use Caffeine cache in production.You can switch to using Caffeine cache, by adding it and org.springframework.cache.caffeine.CaffeineCacheManager to the classpath.
2026-04-24 16:58:29.926 [main] INFO  o.a.coyote.http11.Http11NioProtocol - Starting ProtocolHandler ["http-nio-8083"]
2026-04-24 16:58:29.934 [main] WARN  o.s.b.w.s.s.c.AnnotationConfigServletWebServerApplicationContext - Exception encountered during context initialization - cancelling refresh attempt: org.springframework.context.ApplicationContextException: Failed to start bean 'webServerStartStop'
2026-04-24 16:58:29.936 [main] INFO  com.zaxxer.hikari.HikariDataSource - HikariPool-1 - Shutdown initiated...
2026-04-24 16:58:29.945 [main] INFO  com.zaxxer.hikari.HikariDataSource - HikariPool-1 - Shutdown completed.
2026-04-24 16:58:29.963 [main] INFO  o.s.b.a.l.ConditionEvaluationReportLogger - 

Error starting ApplicationContext. To display the condition evaluation report re-run your application with 'debug' enabled.
2026-04-24 16:58:29.981 [main] ERROR o.s.b.d.LoggingFailureAnalysisReporter - 

***************************
APPLICATION FAILED TO START
***************************

Description:

Web server failed to start. Port 8083 was already in use.

Action:

Identify and stop the process that's listening on port 8083 or configure this application to listen on another port.

2026-04-24 16:58:30.964 [Thread-9] INFO  c.a.nacos.common.notify.NotifyCenter - [NotifyCenter] Start destroying Publisher
2026-04-24 16:58:30.964 [Thread-1] INFO  c.a.n.c.executor.ThreadPoolManager - [ThreadPoolManager] Start destroying ThreadPool
2026-04-24 16:58:30.964 [Thread-7] INFO  c.a.n.c.http.HttpClientBeanHolder - [HttpClientBeanHolder] Start destroying common HttpClient
2026-04-24 16:58:30.964 [Thread-9] INFO  c.a.nacos.common.notify.NotifyCenter - [NotifyCenter] Completed destruction of Publisher
2026-04-24 16:58:30.964 [Thread-1] INFO  c.a.n.c.executor.ThreadPoolManager - [ThreadPoolManager] Completed destruction of ThreadPool
2026-04-24 16:58:48.194 [main] INFO  c.k.y.gateway.YamiGatewayApplication - Starting YamiGatewayApplication using Java 17.0.5 with PID 52476 (D:\workspace\yami-parent\yami-gateway\build\classes\java\main started by lenovo in D:\workspace\yami-parent\yami-gateway)
2026-04-24 16:58:48.195 [main] INFO  c.k.y.gateway.YamiGatewayApplication - No active profile set, falling back to 1 default profile: "default"
2026-04-24 16:58:48.246 [main] INFO  c.a.c.n.c.NacosConfigDataLoader - [Nacos Config] Load config[dataId=application.properties, group=yami-gateway-dev] success
2026-04-24 16:58:48.386 [background-preinit] INFO  o.h.validator.internal.util.Version - HV000001: Hibernate Validator 9.0.1.Final
2026-04-24 16:58:49.053 [main] INFO  o.s.d.r.c.RepositoryConfigurationDelegate - Multiple Spring Data modules found, entering strict repository configuration mode
2026-04-24 16:58:49.055 [main] INFO  o.s.d.r.c.RepositoryConfigurationDelegate - Bootstrapping Spring Data JDBC repositories in DEFAULT mode.
2026-04-24 16:58:49.075 [main] INFO  o.s.d.r.c.RepositoryConfigurationDelegate - Finished Spring Data repository scanning in 11 ms. Found 0 JDBC repository interfaces.
2026-04-24 16:58:49.090 [main] INFO  o.s.d.r.c.RepositoryConfigurationDelegate - Multiple Spring Data modules found, entering strict repository configuration mode
2026-04-24 16:58:49.092 [main] INFO  o.s.d.r.c.RepositoryConfigurationDelegate - Bootstrapping Spring Data Redis repositories in DEFAULT mode.
2026-04-24 16:58:49.113 [main] INFO  o.s.d.r.c.RepositoryConfigurationDelegate - Finished Spring Data repository scanning in 8 ms. Found 0 Redis repository interfaces.
2026-04-24 16:58:49.355 [main] WARN  o.m.s.mapper.ClassPathMapperScanner - No MyBatis mapper was found in '[com.kingdom.yami.gateway]' package. Please check your configuration.
2026-04-24 16:58:49.431 [main] INFO  o.s.cloud.context.scope.GenericScope - BeanFactory id=a16b94ff-a4d7-364d-8e6a-08b49783e2e7
2026-04-24 16:58:49.871 [main] INFO  o.s.boot.tomcat.TomcatWebServer - Tomcat initialized with port 8083 (http)
2026-04-24 16:58:49.883 [main] INFO  o.a.coyote.http11.Http11NioProtocol - Initializing ProtocolHandler ["http-nio-8083"]
2026-04-24 16:58:49.884 [main] INFO  o.a.catalina.core.StandardService - Starting service [Tomcat]
2026-04-24 16:58:49.885 [main] INFO  o.a.catalina.core.StandardEngine - Starting Servlet engine: [Apache Tomcat/11.0.20]
2026-04-24 16:58:49.979 [main] INFO  o.s.b.w.c.s.WebApplicationContextInitializer - Root WebApplicationContext: initialization completed in 1730 ms
2026-04-24 16:58:51.084 [main] INFO  com.zaxxer.hikari.HikariDataSource - HikariPool-1 - Starting...
2026-04-24 16:58:51.231 [main] INFO  com.zaxxer.hikari.pool.HikariPool - HikariPool-1 - Added connection com.mysql.cj.jdbc.ConnectionImpl@3a678e40
2026-04-24 16:58:51.232 [main] INFO  com.zaxxer.hikari.HikariDataSource - HikariPool-1 - Start completed.
2026-04-24 16:58:51.505 [main] WARN  o.s.c.l.c.LoadBalancerCacheAutoConfiguration$LoadBalancerCaffeineWarnLogger - Spring Cloud LoadBalancer is currently working with the default cache. While this cache implementation is useful for development and tests, it's recommended to use Caffeine cache in production.You can switch to using Caffeine cache, by adding it and org.springframework.cache.caffeine.CaffeineCacheManager to the classpath.
2026-04-24 16:58:51.531 [main] INFO  o.a.coyote.http11.Http11NioProtocol - Starting ProtocolHandler ["http-nio-8083"]
2026-04-24 16:58:51.543 [main] INFO  o.s.boot.tomcat.TomcatWebServer - Tomcat started on port 8083 (http) with context path '/'
2026-04-24 16:58:51.551 [main] INFO  com.alibaba.nacos.client.naming - Nacos client key init properties: 
	serverAddr=127.0.0.1:8848
	namespace=dev01
	username=nacos
	password=n***s

2026-04-24 16:58:51.552 [main] INFO  com.alibaba.nacos.client.naming - initializer namespace from ans.namespace attribute : null
2026-04-24 16:58:51.552 [main] INFO  com.alibaba.nacos.client.naming - initializer namespace from ALIBABA_ALIWARE_NAMESPACE attribute :null
2026-04-24 16:58:51.552 [main] INFO  com.alibaba.nacos.client.naming - initializer namespace from namespace attribute :null
2026-04-24 16:58:51.563 [main] INFO  com.alibaba.nacos.client.naming - FailoverDataSource type is class com.alibaba.nacos.client.naming.backups.datasource.DiskFailoverDataSource
2026-04-24 16:58:51.568 [main] INFO  c.a.n.c.a.AbstractServerListManager - Load and match ServerListProvider com.alibaba.nacos.client.address.EndpointServerListProvider, match result: false
2026-04-24 16:58:51.568 [main] INFO  c.a.n.c.a.AbstractServerListManager - Load and match ServerListProvider com.alibaba.nacos.client.address.PropertiesListProvider, match result: true
2026-04-24 16:58:51.568 [main] INFO  c.a.n.c.a.AbstractServerListManager - Will use com.alibaba.nacos.client.address.PropertiesListProvider as ServerListProvider
2026-04-24 16:58:51.569 [main] INFO  c.a.n.p.a.s.c.ClientAuthPluginManager - [ClientAuthPluginManager] Load ClientAuthService com.alibaba.nacos.client.auth.impl.NacosClientAuthServiceImpl success.
2026-04-24 16:58:51.569 [main] INFO  c.a.n.p.a.s.c.ClientAuthPluginManager - [ClientAuthPluginManager] Load ClientAuthService com.alibaba.nacos.client.auth.ram.RamClientAuthServiceImpl success.
2026-04-24 16:58:51.649 [main] INFO  c.alibaba.nacos.common.remote.client - [RpcClientFactory] create a new rpc client of 065f0b5d-b9ac-4ab5-b544-a18241c28689
2026-04-24 16:58:51.651 [main] INFO  com.alibaba.nacos.client.naming - Create naming rpc client for uuid->065f0b5d-b9ac-4ab5-b544-a18241c28689
2026-04-24 16:58:51.651 [main] INFO  c.alibaba.nacos.common.remote.client - [065f0b5d-b9ac-4ab5-b544-a18241c28689] RpcClient init, ServerListFactory = com.alibaba.nacos.client.naming.core.NamingServerListManager
2026-04-24 16:58:51.652 [main] INFO  c.alibaba.nacos.common.remote.client - [065f0b5d-b9ac-4ab5-b544-a18241c28689] Registry connection listener to current client:com.alibaba.nacos.client.naming.remote.gprc.redo.NamingGrpcRedoService
2026-04-24 16:58:51.652 [main] INFO  c.alibaba.nacos.common.remote.client - [065f0b5d-b9ac-4ab5-b544-a18241c28689] Register server push request handler:com.alibaba.nacos.client.naming.remote.gprc.NamingPushRequestHandler
2026-04-24 16:58:51.652 [main] INFO  c.alibaba.nacos.common.remote.client - [065f0b5d-b9ac-4ab5-b544-a18241c28689] Register server push request handler:com.alibaba.nacos.client.naming.remote.gprc.NamingFuzzyWatchNotifyRequestHandler
2026-04-24 16:58:51.653 [main] INFO  c.alibaba.nacos.common.remote.client - [065f0b5d-b9ac-4ab5-b544-a18241c28689] Try to connect to server on start up, server: {serverIp = '127.0.0.1', server main port = 8848}
2026-04-24 16:58:51.653 [main] INFO  c.a.n.c.r.client.grpc.GrpcClient - grpc client connection server: 127.0.0.1 ip, serverPort: 9848, grpcTslConfig: {"enableTls":false,"mutualAuthEnable":false,"trustAll":true}
2026-04-24 16:58:51.676 [main] INFO  c.alibaba.nacos.common.remote.client - [065f0b5d-b9ac-4ab5-b544-a18241c28689] Success to connect to server [127.0.0.1:8848] on start up, connectionId = 1777021131657_172.18.0.1_41278
2026-04-24 16:58:51.676 [main] INFO  c.alibaba.nacos.common.remote.client - [065f0b5d-b9ac-4ab5-b544-a18241c28689] Register server push request handler:com.alibaba.nacos.common.remote.client.RpcClient$ConnectResetRequestHandler
2026-04-24 16:58:51.676 [com.alibaba.nacos.client.remote.worker.0] INFO  c.alibaba.nacos.common.remote.client - [065f0b5d-b9ac-4ab5-b544-a18241c28689] Notify connected event to listeners.
2026-04-24 16:58:51.676 [main] INFO  c.alibaba.nacos.common.remote.client - [065f0b5d-b9ac-4ab5-b544-a18241c28689] Register server push request handler:com.alibaba.nacos.common.remote.client.RpcClient$$Lambda$498/0x0000000800ff5b20
2026-04-24 16:58:51.676 [com.alibaba.nacos.client.remote.worker.0] INFO  com.alibaba.nacos.client.naming - Grpc connection connect
2026-04-24 16:58:51.677 [main] INFO  com.alibaba.nacos.client.naming - [REGISTER-SERVICE] dev01 registering service yami-gateway-service with instance Instance{instanceId='null', ip='10.126.3.102', port=8083, weight=1.0, healthy=true, enabled=true, ephemeral=true, clusterName='', serviceName='null', metadata={IPv6=null, preserved.register.source=SPRING_CLOUD}}
2026-04-24 16:58:51.690 [main] INFO  c.a.c.n.r.NacosServiceRegistry - nacos registry, yami yami-gateway-service 10.126.3.102:8083 register finished
2026-04-24 16:58:51.784 [main] INFO  c.k.y.gateway.YamiGatewayApplication - Started YamiGatewayApplication in 5.479 seconds (process running for 6.004)
2026-04-24 16:58:51.789 [main] INFO  c.a.n.client.config.impl.CacheData - config listener notify warn timeout millis use default 60000 millis 
2026-04-24 16:58:51.789 [main] INFO  c.a.n.client.config.impl.CacheData - nacos.cache.data.init.snapshot = true 
2026-04-24 16:58:51.791 [main] INFO  c.a.n.c.config.impl.ClientWorker - [Config-fixed-dev01-127.0.0.1_8848] [subscribe] application.properties+yami-gateway-dev+dev01
2026-04-24 16:58:51.802 [main] INFO  c.a.n.client.config.impl.CacheData - [Config-fixed-dev01-127.0.0.1_8848] [add-listener] ok, tenant=dev01, dataId=application.properties, group=yami-gateway-dev, cnt=1
2026-04-24 16:58:51.802 [main] INFO  c.a.c.n.r.NacosContextRefresher - [Nacos Config] Listening config: dataId=application.properties, group=yami-gateway-dev
